C:\USERS\ADMIN\DOCUMENTS\VISUAL STUDIO 2012\PROJECTS\PROYECTODATOS\PROYECTODATOS\DEBUG\FICHA.OBJ
C:\USERS\ADMIN\DOCUMENTS\VISUAL STUDIO 2012\PROJECTS\PROYECTODATOS\PROYECTODATOS\DEBUG\INTERFAZ.OBJ
C:\USERS\ADMIN\DOCUMENTS\VISUAL STUDIO 2012\PROJECTS\PROYECTODATOS\PROYECTODATOS\DEBUG\JUGADOR.OBJ
C:\USERS\ADMIN\DOCUMENTS\VISUAL STUDIO 2012\PROJECTS\PROYECTODATOS\PROYECTODATOS\DEBUG\LISTALD.OBJ
C:\USERS\ADMIN\DOCUMENTS\VISUAL STUDIO 2012\PROJECTS\PROYECTODATOS\PROYECTODATOS\DEBUG\NODOLD.OBJ
C:\USERS\ADMIN\DOCUMENTS\VISUAL STUDIO 2012\PROJECTS\PROYECTODATOS\PROYECTODATOS\DEBUG\TABLERO.OBJ
C:\USERS\ADMIN\DOCUMENTS\VISUAL STUDIO 2012\PROJECTS\PROYECTODATOS\PROYECTODATOS\DEBUG\VC110.PDB
C:\USERS\ADMIN\DOCUMENTS\VISUAL STUDIO 2012\PROJECTS\PROYECTODATOS\PROYECTODATOS\DEBUG\CONTROL.OBJ
C:\USERS\ADMIN\DOCUMENTS\VISUAL STUDIO 2012\PROJECTS\PROYECTODATOS\PROYECTODATOS\DEBUG\MAIN.OBJ
C:\USERS\ADMIN\DOCUMENTS\VISUAL STUDIO 2012\PROJECTS\PROYECTODATOS\DEBUG\PROYECTODATOS.ILK
C:\USERS\ADMIN\DOCUMENTS\VISUAL STUDIO 2012\PROJECTS\PROYECTODATOS\DEBUG\PROYECTODATOS.EXE
C:\USERS\ADMIN\DOCUMENTS\VISUAL STUDIO 2012\PROJECTS\PROYECTODATOS\DEBUG\PROYECTODATOS.PDB
C:\Users\admin\documents\visual studio 2012\Projects\ProyectoDatos\ProyectoDatos\Debug\Control.obj
C:\Users\admin\documents\visual studio 2012\Projects\ProyectoDatos\ProyectoDatos\Debug\Ficha.obj
C:\Users\admin\documents\visual studio 2012\Projects\ProyectoDatos\ProyectoDatos\Debug\Interfaz.obj
C:\Users\admin\documents\visual studio 2012\Projects\ProyectoDatos\ProyectoDatos\Debug\Jugador.obj
C:\Users\admin\documents\visual studio 2012\Projects\ProyectoDatos\ProyectoDatos\Debug\ListaLD.obj
C:\Users\admin\documents\visual studio 2012\Projects\ProyectoDatos\ProyectoDatos\Debug\Main.obj
C:\Users\admin\documents\visual studio 2012\Projects\ProyectoDatos\ProyectoDatos\Debug\NodoLD.obj
C:\Users\admin\documents\visual studio 2012\Projects\ProyectoDatos\ProyectoDatos\Debug\Tablero.obj
C:\Users\admin\documents\visual studio 2012\Projects\ProyectoDatos\ProyectoDatos\Debug\cl.command.1.tlog
C:\Users\admin\documents\visual studio 2012\Projects\ProyectoDatos\ProyectoDatos\Debug\CL.read.1.tlog
C:\Users\admin\documents\visual studio 2012\Projects\ProyectoDatos\ProyectoDatos\Debug\CL.write.1.tlog
C:\Users\admin\documents\visual studio 2012\Projects\ProyectoDatos\ProyectoDatos\Debug\link-cvtres.read.1.tlog
C:\Users\admin\documents\visual studio 2012\Projects\ProyectoDatos\ProyectoDatos\Debug\link-cvtres.write.1.tlog
C:\Users\admin\documents\visual studio 2012\Projects\ProyectoDatos\ProyectoDatos\Debug\link-rc.read.1.tlog
C:\Users\admin\documents\visual studio 2012\Projects\ProyectoDatos\ProyectoDatos\Debug\link-rc.write.1.tlog
C:\Users\admin\documents\visual studio 2012\Projects\ProyectoDatos\ProyectoDatos\Debug\link.8772-cvtres.read.1.tlog
C:\Users\admin\documents\visual studio 2012\Projects\ProyectoDatos\ProyectoDatos\Debug\link.8772-cvtres.write.1.tlog
C:\Users\admin\documents\visual studio 2012\Projects\ProyectoDatos\ProyectoDatos\Debug\link.8772-rc.read.1.tlog
C:\Users\admin\documents\visual studio 2012\Projects\ProyectoDatos\ProyectoDatos\Debug\link.8772-rc.write.1.tlog
C:\Users\admin\documents\visual studio 2012\Projects\ProyectoDatos\ProyectoDatos\Debug\link.8772.read.1.tlog
C:\Users\admin\documents\visual studio 2012\Projects\ProyectoDatos\ProyectoDatos\Debug\link.8772.write.1.tlog
C:\Users\admin\documents\visual studio 2012\Projects\ProyectoDatos\ProyectoDatos\Debug\link.command.1.tlog
C:\Users\admin\documents\visual studio 2012\Projects\ProyectoDatos\ProyectoDatos\Debug\link.read.1.tlog
C:\Users\admin\documents\visual studio 2012\Projects\ProyectoDatos\ProyectoDatos\Debug\link.write.1.tlog
C:\Users\admin\documents\visual studio 2012\Projects\ProyectoDatos\ProyectoDatos\Debug\vc110.idb
C:\Users\admin\documents\visual studio 2012\Projects\ProyectoDatos\ProyectoDatos\Debug\vc110.pdb
C:\Users\admin\documents\visual studio 2012\Projects\ProyectoDatos\Debug\ProyectoDatos.pdb
C:\Users\admin\documents\visual studio 2012\Projects\ProyectoDatos\Debug\ProyectoDatos.exe
C:\Users\admin\documents\visual studio 2012\Projects\ProyectoDatos\Debug\ProyectoDatos.ilk
