Compilación iniciada a las 07/10/2017 07:16:37 p.m..
     1>Proyecto "C:\Users\admin\Desktop\ProyectoDatos\ProyectoDatos\ProyectoDatos.vcxproj" en el nodo 2 (Build destinos).
     1>ClCompile:
         C:\Program Files (x86)\Microsoft Visual Studio 11.0\VC\bin\CL.exe /c /ZI /nologo /W3 /WX- /sdl /Od /Oy- /D _MBCS /Gm /EHsc /RTC1 /MDd /GS /fp:precise /Zc:wchar_t /Zc:forScope /Fo"Debug\\" /Fd"Debug\vc110.pdb" /Gd /TP /analyze- /errorReport:prompt Control.cpp
         Control.cpp
       Link:
         C:\Program Files (x86)\Microsoft Visual Studio 11.0\VC\bin\link.exe /ERRORREPORT:PROMPT /OUT:"C:\Users\admin\Desktop\ProyectoDatos\Debug\ProyectoDatos.exe" /INCREMENTAL /NOLOGO kernel32.lib user32.lib gdi32.lib winspool.lib comdlg32.lib advapi32.lib shell32.lib ole32.lib oleaut32.lib uuid.lib odbc32.lib odbccp32.lib /MANIFEST /MANIFESTUAC:"level='asInvoker' uiAccess='false'" /manifest:embed /DEBUG /PDB:"C:\Users\admin\Desktop\ProyectoDatos\Debug\ProyectoDatos.pdb" /TLBID:1 /DYNAMICBASE /NXCOMPAT /IMPLIB:"C:\Users\admin\Desktop\ProyectoDatos\Debug\ProyectoDatos.lib" /MACHINE:X86 Debug\ColaTab.obj
         Debug\Control.obj
         Debug\Ficha.obj
         Debug\Interfaz.obj
         Debug\Jugador.obj
         Debug\ListaLD.obj
         Debug\Main.obj
         Debug\NodoCola.obj
         Debug\NodoLD.obj
         Debug\NodoPila.obj
         Debug\Pila.obj
         Debug\ReporteHTML.obj
         Debug\Tablero.obj
         ProyectoDatos.vcxproj -> C:\Users\admin\Desktop\ProyectoDatos\Debug\ProyectoDatos.exe
     1>Compilación del proyecto terminada "C:\Users\admin\Desktop\ProyectoDatos\ProyectoDatos\ProyectoDatos.vcxproj" (Build destinos).

Compilación correcta.

Tiempo transcurrido 00:00:01.42
